<?xml version="1.0" encoding="UTF-8"?>
<testsuite xmlns:xsi="http://www.w3.org/2001/XMLSchema-instance" xsi:schemaLocation="https://maven.apache.org/surefire/maven-surefire-plugin/xsd/surefire-test-report.xsd" name="TestSuite" time="2.587" tests="12" errors="0" skipped="0" failures="0">
  <properties>
[...]
</properties>
  <testcase name="GoogleTitleTest" classname="com.google.GooglePageTest" time="0.016"/>
  <testcase name="LoginTest" classname="com.google.GooglePageTest" time="0.001"/>
  <testcase name="homepage" classname="com.google.GooglePageTest" time="0.001"/>
  <testcase name="signout" classname="com.google.GooglePageTest" time="0.001"/>
  <testcase name="GoogleTitleTest" classname="com.google.HomePage" time="0.001"/>
  <testcase name="LoginTest" classname="com.google.HomePage" time="0.001"/>
  <testcase name="homepage" classname="com.google.HomePage" time="0.002"/>
  <testcase name="signout" classname="com.google.HomePage" time="0.002"/>
  <testcase name="GoogleTitleTest" classname="com.google.LoginPage" time="0.004"/>
  <testcase name="LoginTest" classname="com.google.LoginPage" time="0.001"/>
  <testcase name="homepage" classname="com.google.LoginPage" time="0.001"/>
  <testcase name="signout" classname="com.google.LoginPage" time="0.002"/>
</testsuite>