<?xml version="1.0" encoding="UTF-8"?>
<testng-results ignored="0" total="12" passed="12" failed="0" skipped="0">
  <reporter-output>
  </reporter-output>
  <suite started-at="2020-04-27T13:47:49 IST" name="Automation Testing" finished-at="2020-04-27T13:47:49 IST" duration-ms="103">
    <groups>
    </groups>
    <test started-at="2020-04-27T13:47:49 IST" name="Regression1" finished-at="2020-04-27T13:47:49 IST" duration-ms="103">
      <class name="com.google.LoginPage">
        <test-method signature="GoogleTitleTest()[pri:0, instance:com.google.LoginPage@3439f68d]" started-at="2020-04-27T13:47:49 IST" name="GoogleTitleTest" finished-at="2020-04-27T13:47:49 IST" duration-ms="1" status="PASS">
          <reporter-output>
          </reporter-output>
        </test-method> <!-- GoogleTitleTest -->
        <test-method signature="LoginTest()[pri:0, instance:com.google.LoginPage@3439f68d]" started-at="2020-04-27T13:47:49 IST" name="LoginTest" finished-at="2020-04-27T13:47:49 IST" duration-ms="0" status="PASS">
          <reporter-output>
          </reporter-output>
        </test-method> <!-- LoginTest -->
        <test-method signature="homepage()[pri:0, instance:com.google.LoginPage@3439f68d]" started-at="2020-04-27T13:47:49 IST" name="homepage" finished-at="2020-04-27T13:47:49 IST" duration-ms="0" status="PASS">
          <reporter-output>
          </reporter-output>
        </test-method> <!-- homepage -->
        <test-method signature="signout()[pri:0, instance:com.google.LoginPage@3439f68d]" started-at="2020-04-27T13:47:49 IST" name="signout" finished-at="2020-04-27T13:47:49 IST" duration-ms="1" status="PASS">
          <reporter-output>
          </reporter-output>
        </test-method> <!-- signout -->
      </class> <!-- com.google.LoginPage -->
      <class name="com.google.GooglePageTest">
        <test-method signature="GoogleTitleTest()[pri:0, instance:com.google.GooglePageTest@60438a68]" started-at="2020-04-27T13:47:49 IST" name="GoogleTitleTest" finished-at="2020-04-27T13:47:49 IST" duration-ms="14" status="PASS">
          <reporter-output>
          </reporter-output>
        </test-method> <!-- GoogleTitleTest -->
        <test-method signature="LoginTest()[pri:0, instance:com.google.GooglePageTest@60438a68]" started-at="2020-04-27T13:47:49 IST" name="LoginTest" finished-at="2020-04-27T13:47:49 IST" duration-ms="1" status="PASS">
          <reporter-output>
          </reporter-output>
        </test-method> <!-- LoginTest -->
        <test-method signature="homepage()[pri:0, instance:com.google.GooglePageTest@60438a68]" started-at="2020-04-27T13:47:49 IST" name="homepage" finished-at="2020-04-27T13:47:49 IST" duration-ms="0" status="PASS">
          <reporter-output>
          </reporter-output>
        </test-method> <!-- homepage -->
        <test-method signature="signout()[pri:0, instance:com.google.GooglePageTest@60438a68]" started-at="2020-04-27T13:47:49 IST" name="signout" finished-at="2020-04-27T13:47:49 IST" duration-ms="0" status="PASS">
          <reporter-output>
          </reporter-output>
        </test-method> <!-- signout -->
      </class> <!-- com.google.GooglePageTest -->
      <class name="com.google.HomePage">
        <test-method signature="LoginTest()[pri:0, instance:com.google.HomePage@140e5a13]" started-at="2020-04-27T13:47:49 IST" name="LoginTest" finished-at="2020-04-27T13:47:49 IST" duration-ms="0" status="PASS">
          <reporter-output>
          </reporter-output>
        </test-method> <!-- LoginTest -->
        <test-method signature="GoogleTitleTest()[pri:0, instance:com.google.HomePage@140e5a13]" started-at="2020-04-27T13:47:49 IST" name="GoogleTitleTest" finished-at="2020-04-27T13:47:49 IST" duration-ms="0" status="PASS">
          <reporter-output>
          </reporter-output>
        </test-method> <!-- GoogleTitleTest -->
        <test-method signature="homepage()[pri:0, instance:com.google.HomePage@140e5a13]" started-at="2020-04-27T13:47:49 IST" name="homepage" finished-at="2020-04-27T13:47:49 IST" duration-ms="0" status="PASS">
          <reporter-output>
          </reporter-output>
        </test-method> <!-- homepage -->
        <test-method signature="signout()[pri:0, instance:com.google.HomePage@140e5a13]" started-at="2020-04-27T13:47:49 IST" name="signout" finished-at="2020-04-27T13:47:49 IST" duration-ms="0" status="PASS">
          <reporter-output>
          </reporter-output>
        </test-method> <!-- signout -->
      </class> <!-- com.google.HomePage -->
    </test> <!-- Regression1 -->
  </suite> <!-- Automation Testing -->
</testng-results>
