<?xml version="1.0" encoding="UTF-8"?>
<testng-results skipped="0" failed="0" ignored="0" total="1" passed="1">
  <reporter-output>
  </reporter-output>
  <suite name="Default suite" duration-ms="22844" started-at="2020-04-27T10:24:42 IST" finished-at="2020-04-27T10:25:05 IST">
    <groups>
    </groups>
    <test name="Default test" duration-ms="22844" started-at="2020-04-27T10:24:42 IST" finished-at="2020-04-27T10:25:05 IST">
      <class name="com.google.GooglePageTest">
        <test-method status="PASS" signature="Setup()[pri:0, instance:com.google.GooglePageTest@6325a3ee]" name="Setup" is-config="true" duration-ms="21951" started-at="2020-04-27T10:24:42 IST" finished-at="2020-04-27T10:25:04 IST">
          <reporter-output>
          </reporter-output>
        </test-method> <!-- Setup -->
        <test-method status="PASS" signature="GoogleTitleTest()[pri:0, instance:com.google.GooglePageTest@6325a3ee]" name="GoogleTitleTest" duration-ms="11" started-at="2020-04-27T10:25:04 IST" finished-at="2020-04-27T10:25:04 IST">
          <reporter-output>
          </reporter-output>
        </test-method> <!-- GoogleTitleTest -->
        <test-method status="PASS" signature="teardown()[pri:0, instance:com.google.GooglePageTest@6325a3ee]" name="teardown" is-config="true" duration-ms="825" started-at="2020-04-27T10:25:04 IST" finished-at="2020-04-27T10:25:05 IST">
          <reporter-output>
          </reporter-output>
        </test-method> <!-- teardown -->
      </class> <!-- com.google.GooglePageTest -->
    </test> <!-- Default test -->
  </suite> <!-- Default suite -->
</testng-results>
