<?xml version="1.0" encoding="UTF-8"?>
<!-- Generated by org.testng.reporters.JUnitXMLReporter -->
<testsuite ignored="0" hostname="admin-PC" failures="0" tests="12" name="Regression1" time="0.103" errors="0" timestamp="2020-04-27T13:47:49 IST">
  <testcase classname="com.google.GooglePageTest" name="GoogleTitleTest" time="0.014"/>
  <testcase classname="com.google.GooglePageTest" name="LoginTest" time="0.001"/>
  <testcase classname="com.google.GooglePageTest" name="homepage" time="0.0"/>
  <testcase classname="com.google.GooglePageTest" name="signout" time="0.0"/>
  <testcase classname="com.google.HomePage" name="GoogleTitleTest" time="0.0"/>
  <testcase classname="com.google.HomePage" name="LoginTest" time="0.0"/>
  <testcase classname="com.google.HomePage" name="homepage" time="0.0"/>
  <testcase classname="com.google.HomePage" name="signout" time="0.0"/>
  <testcase classname="com.google.LoginPage" name="GoogleTitleTest" time="0.001"/>
  <testcase classname="com.google.LoginPage" name="LoginTest" time="0.0"/>
  <testcase classname="com.google.LoginPage" name="homepage" time="0.0"/>
  <testcase classname="com.google.LoginPage" name="signout" time="0.001"/>
</testsuite> <!-- Regression1 -->
